<?xml version="1.0" encoding="UTF-8"?>
<testng-results ignored="0" total="2" passed="2" failed="0" skipped="0">
  <reporter-output>
  </reporter-output>
  <suite started-at="2024-01-09T19:10:23 IST" name="Default suite" finished-at="2024-01-09T19:10:35 IST" duration-ms="12083">
    <groups>
    </groups>
    <test started-at="2024-01-09T19:10:23 IST" name="Default test" finished-at="2024-01-09T19:10:35 IST" duration-ms="12083">
      <class name="Testpages.LoginpageTest">
        <test-method is-config="true" signature="InitalizeExtentReport()[pri:0, instance:Testpages.LoginpageTest@43bc63a3]" started-at="2024-01-09T19:10:23 IST" name="InitalizeExtentReport" finished-at="2024-01-09T19:10:23 IST" duration-ms="183" status="PASS">
          <reporter-output>
          </reporter-output>
        </test-method> <!-- InitalizeExtentReport -->
        <test-method is-config="true" signature="getnameMethod(org.testng.ITestContext)[pri:0, instance:Testpages.LoginpageTest@43bc63a3]" started-at="2024-01-09T19:10:23 IST" name="getnameMethod" finished-at="2024-01-09T19:10:23 IST" duration-ms="5" status="PASS">
          <params>
            <param index="0">
              <value>
                <![CDATA[org.testng.TestRunner@1f1cddf3]]>
              </value>
            </param>
          </params>
          <reporter-output>
          </reporter-output>
        </test-method> <!-- getnameMethod -->
        <test-method is-config="true" signature="openApplication()[pri:0, instance:Testpages.LoginpageTest@43bc63a3]" started-at="2024-01-09T19:10:23 IST" name="openApplication" finished-at="2024-01-09T19:10:28 IST" duration-ms="4446" status="PASS">
          <reporter-output>
          </reporter-output>
        </test-method> <!-- openApplication -->
        <test-method signature="LoginUser(java.lang.String,java.lang.String)[pri:49, instance:Testpages.LoginpageTest@43bc63a3]" started-at="2024-01-09T19:10:28 IST" name="LoginUser" data-provider="testdata" finished-at="2024-01-09T19:10:29 IST" duration-ms="1499" status="PASS">
          <params>
            <param index="0">
              <value>
                <![CDATA[demonewuser123@gmail.com]]>
              </value>
            </param>
            <param index="1">
              <value>
                <![CDATA[337788.0]]>
              </value>
            </param>
          </params>
          <reporter-output>
          </reporter-output>
        </test-method> <!-- LoginUser -->
        <test-method is-config="true" signature="generateTestStatus(java.lang.reflect.Method,org.testng.ITestResult)[pri:0, instance:Testpages.LoginpageTest@43bc63a3]" started-at="2024-01-09T19:10:29 IST" name="generateTestStatus" finished-at="2024-01-09T19:10:29 IST" duration-ms="11" status="PASS">
          <params>
            <param index="0">
              <value>
                <![CDATA[public void Testpages.LoginpageTest.LoginUser(java.lang.String,java.lang.String)]]>
              </value>
            </param>
            <param index="1">
              <value>
                <![CDATA[[TestResult name=LoginUser status=SUCCESS method=LoginpageTest.LoginUser(java.lang.String,java.lang.String)[pri:49, instance:Testpages.LoginpageTest@43bc63a3] output={null}]]]>
              </value>
            </param>
          </params>
          <reporter-output>
          </reporter-output>
        </test-method> <!-- generateTestStatus -->
        <test-method is-config="true" signature="openApplication()[pri:0, instance:Testpages.LoginpageTest@43bc63a3]" started-at="2024-01-09T19:10:29 IST" name="openApplication" finished-at="2024-01-09T19:10:33 IST" duration-ms="3966" status="PASS">
          <reporter-output>
          </reporter-output>
        </test-method> <!-- openApplication -->
        <test-method signature="LoginUser(java.lang.String,java.lang.String)[pri:49, instance:Testpages.LoginpageTest@43bc63a3]" started-at="2024-01-09T19:10:33 IST" name="LoginUser" data-provider="testdata" finished-at="2024-01-09T19:10:35 IST" duration-ms="1711" status="PASS">
          <params>
            <param index="0">
              <value>
                <![CDATA[neeravrao@gmail.com]]>
              </value>
            </param>
            <param index="1">
              <value>
                <![CDATA[567892.0]]>
              </value>
            </param>
          </params>
          <reporter-output>
          </reporter-output>
        </test-method> <!-- LoginUser -->
        <test-method is-config="true" signature="generateTestStatus(java.lang.reflect.Method,org.testng.ITestResult)[pri:0, instance:Testpages.LoginpageTest@43bc63a3]" started-at="2024-01-09T19:10:35 IST" name="generateTestStatus" finished-at="2024-01-09T19:10:35 IST" duration-ms="2" status="PASS">
          <params>
            <param index="0">
              <value>
                <![CDATA[public void Testpages.LoginpageTest.LoginUser(java.lang.String,java.lang.String)]]>
              </value>
            </param>
            <param index="1">
              <value>
                <![CDATA[[TestResult name=LoginUser status=SUCCESS method=LoginpageTest.LoginUser(java.lang.String,java.lang.String)[pri:49, instance:Testpages.LoginpageTest@43bc63a3] output={null}]]]>
              </value>
            </param>
          </params>
          <reporter-output>
          </reporter-output>
        </test-method> <!-- generateTestStatus -->
        <test-method is-config="true" signature="generateReports()[pri:0, instance:Testpages.LoginpageTest@43bc63a3]" started-at="2024-01-09T19:10:35 IST" name="generateReports" finished-at="2024-01-09T19:10:36 IST" duration-ms="738" status="PASS">
          <reporter-output>
          </reporter-output>
        </test-method> <!-- generateReports -->
      </class> <!-- Testpages.LoginpageTest -->
    </test> <!-- Default test -->
  </suite> <!-- Default suite -->
</testng-results>
